<?xml version="1.0" encoding="UTF-8"?>
<!-- Generated by org.testng.reporters.JUnitReportReporter -->
<testsuite hostname="L-7098" failures="0" tests="2" name="Innomate.automate" time="2.326" errors="0" timestamp="2023-05-02T15:53:13 PKT" skipped="1">
  <testcase classname="Innomate.automate" name="Login" time="2.326"/>
  <system-out/>
  <testcase classname="Innomate.automate" name="Monitoring">
    <skipped/>
  </testcase> <!-- Monitoring -->
  <system-out/>
</testsuite> <!-- Innomate.automate -->
